#! /usr/local/bin/vvp
:ivl_version "12.0 (devel)" "(s20150603-1176-gb86d7c82)";
:ivl_delay_selection "TYPICAL";
:vpi_time_precision + 0;
:vpi_module "/usr/local/lib/ivl/system.vpi";
:vpi_module "/usr/local/lib/ivl/vhdl_sys.vpi";
:vpi_module "/usr/local/lib/ivl/vhdl_textio.vpi";
:vpi_module "/usr/local/lib/ivl/v2005_math.vpi";
:vpi_module "/usr/local/lib/ivl/va_math.vpi";
S_0x55c3ecef4f30 .scope module, "stimulus" "stimulus" 2 3;
 .timescale 0 0;
v0x55c3ecf57540_0 .var "clk", 0 0;
v0x55c3ecf575e0_0 .net "q", 7 0, L_0x55c3ecf580a0;  1 drivers
v0x55c3ecf576d0_0 .var "reset", 0 0;
S_0x55c3ecf2e5c0 .scope module, "counter1" "eight_bit_johnson_counter" 2 10, 3 16 0, S_0x55c3ecef4f30;
 .timescale 0 0;
    .port_info 0 /INPUT 1 "clk";
    .port_info 1 /INPUT 1 "reset";
    .port_info 2 /OUTPUT 8 "q";
v0x55c3ecf572a0_0 .net "clk", 0 0, v0x55c3ecf57540_0;  1 drivers
v0x55c3ecf57360_0 .net "q", 7 0, L_0x55c3ecf580a0;  alias, 1 drivers
v0x55c3ecf57440_0 .net "reset", 0 0, v0x55c3ecf576d0_0;  1 drivers
L_0x55c3ecf577a0 .part L_0x55c3ecf580a0, 7, 1;
L_0x55c3ecf57980 .part L_0x55c3ecf580a0, 0, 1;
L_0x55c3ecf57a20 .part L_0x55c3ecf580a0, 1, 1;
L_0x55c3ecf57af0 .part L_0x55c3ecf580a0, 2, 1;
L_0x55c3ecf57bf0 .part L_0x55c3ecf580a0, 3, 1;
L_0x55c3ecf57cc0 .part L_0x55c3ecf580a0, 4, 1;
L_0x55c3ecf57dd0 .part L_0x55c3ecf580a0, 5, 1;
L_0x55c3ecf57f80 .part L_0x55c3ecf580a0, 6, 1;
LS_0x55c3ecf580a0_0_0 .concat8 [ 1 1 1 1], v0x55c3ecf25a40_0, v0x55c3ecf53190_0, v0x55c3ecf53c30_0, v0x55c3ecf54680_0;
LS_0x55c3ecf580a0_0_4 .concat8 [ 1 1 1 1], v0x55c3ecf55130_0, v0x55c3ecf55b50_0, v0x55c3ecf565b0_0, v0x55c3ecf57080_0;
L_0x55c3ecf580a0 .concat8 [ 4 4 0 0], LS_0x55c3ecf580a0_0_0, LS_0x55c3ecf580a0_0_4;
S_0x55c3ecf2e7f0 .scope generate, "genblk1[0]" "genblk1[0]" 3 24, 3 24 0, S_0x55c3ecf2e5c0;
 .timescale 0 0;
P_0x55c3ecf2e9d0 .param/l "i" 0 3 24, +C4<00>;
S_0x55c3ecf2b8d0 .scope generate, "genblk1" "genblk1" 3 25, 3 25 0, S_0x55c3ecf2e7f0;
 .timescale 0 0;
L_0x55c3ecf578c0 .functor NOT 1, L_0x55c3ecf577a0, C4<0>, C4<0>, C4<0>;
v0x55c3ecf23ec0_0 .net *"_ivl_0", 0 0, L_0x55c3ecf577a0;  1 drivers
S_0x55c3ecf2bab0 .scope module, "dff1" "D_FF" 3 26, 3 1 0, S_0x55c3ecf2b8d0;
 .timescale 0 0;
    .port_info 0 /INPUT 1 "clk";
    .port_info 1 /INPUT 1 "reset";
    .port_info 2 /INPUT 1 "d";
    .port_info 3 /OUTPUT 1 "q";
v0x55c3ecf275c0_0 .net "clk", 0 0, v0x55c3ecf57540_0;  alias, 1 drivers
v0x55c3ecf26800_0 .net "d", 0 0, L_0x55c3ecf578c0;  1 drivers
v0x55c3ecf25a40_0 .var "q", 0 0;
v0x55c3ecf24c80_0 .net "reset", 0 0, v0x55c3ecf576d0_0;  alias, 1 drivers
E_0x55c3ecef3640 .event posedge, v0x55c3ecf24c80_0, v0x55c3ecf275c0_0;
S_0x55c3ecf52ab0 .scope generate, "genblk1[1]" "genblk1[1]" 3 24, 3 24 0, S_0x55c3ecf2e5c0;
 .timescale 0 0;
P_0x55c3ecf52cd0 .param/l "i" 0 3 24, +C4<01>;
S_0x55c3ecf52d90 .scope generate, "genblk1" "genblk1" 3 25, 3 25 0, S_0x55c3ecf52ab0;
 .timescale 0 0;
S_0x55c3ecf52f70 .scope module, "dff2" "D_FF" 3 29, 3 1 0, S_0x55c3ecf52d90;
 .timescale 0 0;
    .port_info 0 /INPUT 1 "clk";
    .port_info 1 /INPUT 1 "reset";
    .port_info 2 /INPUT 1 "d";
    .port_info 3 /OUTPUT 1 "q";
v0x55c3ecf23100_0 .net "clk", 0 0, v0x55c3ecf57540_0;  alias, 1 drivers
v0x55c3ecf22300_0 .net "d", 0 0, L_0x55c3ecf57980;  1 drivers
v0x55c3ecf53190_0 .var "q", 0 0;
v0x55c3ecf53230_0 .net "reset", 0 0, v0x55c3ecf576d0_0;  alias, 1 drivers
S_0x55c3ecf53390 .scope generate, "genblk1[2]" "genblk1[2]" 3 24, 3 24 0, S_0x55c3ecf2e5c0;
 .timescale 0 0;
P_0x55c3ecf53590 .param/l "i" 0 3 24, +C4<010>;
S_0x55c3ecf53650 .scope generate, "genblk1" "genblk1" 3 25, 3 25 0, S_0x55c3ecf53390;
 .timescale 0 0;
S_0x55c3ecf53830 .scope module, "dff2" "D_FF" 3 29, 3 1 0, S_0x55c3ecf53650;
 .timescale 0 0;
    .port_info 0 /INPUT 1 "clk";
    .port_info 1 /INPUT 1 "reset";
    .port_info 2 /INPUT 1 "d";
    .port_info 3 /OUTPUT 1 "q";
v0x55c3ecf53a60_0 .net "clk", 0 0, v0x55c3ecf57540_0;  alias, 1 drivers
v0x55c3ecf53b70_0 .net "d", 0 0, L_0x55c3ecf57a20;  1 drivers
v0x55c3ecf53c30_0 .var "q", 0 0;
v0x55c3ecf53cd0_0 .net "reset", 0 0, v0x55c3ecf576d0_0;  alias, 1 drivers
S_0x55c3ecf53e40 .scope generate, "genblk1[3]" "genblk1[3]" 3 24, 3 24 0, S_0x55c3ecf2e5c0;
 .timescale 0 0;
P_0x55c3ecf54040 .param/l "i" 0 3 24, +C4<011>;
S_0x55c3ecf54120 .scope generate, "genblk1" "genblk1" 3 25, 3 25 0, S_0x55c3ecf53e40;
 .timescale 0 0;
S_0x55c3ecf54300 .scope module, "dff2" "D_FF" 3 29, 3 1 0, S_0x55c3ecf54120;
 .timescale 0 0;
    .port_info 0 /INPUT 1 "clk";
    .port_info 1 /INPUT 1 "reset";
    .port_info 2 /INPUT 1 "d";
    .port_info 3 /OUTPUT 1 "q";
v0x55c3ecf54500_0 .net "clk", 0 0, v0x55c3ecf57540_0;  alias, 1 drivers
v0x55c3ecf545c0_0 .net "d", 0 0, L_0x55c3ecf57af0;  1 drivers
v0x55c3ecf54680_0 .var "q", 0 0;
v0x55c3ecf54750_0 .net "reset", 0 0, v0x55c3ecf576d0_0;  alias, 1 drivers
S_0x55c3ecf548a0 .scope generate, "genblk1[4]" "genblk1[4]" 3 24, 3 24 0, S_0x55c3ecf2e5c0;
 .timescale 0 0;
P_0x55c3ecf54af0 .param/l "i" 0 3 24, +C4<0100>;
S_0x55c3ecf54bd0 .scope generate, "genblk1" "genblk1" 3 25, 3 25 0, S_0x55c3ecf548a0;
 .timescale 0 0;
S_0x55c3ecf54db0 .scope module, "dff2" "D_FF" 3 29, 3 1 0, S_0x55c3ecf54bd0;
 .timescale 0 0;
    .port_info 0 /INPUT 1 "clk";
    .port_info 1 /INPUT 1 "reset";
    .port_info 2 /INPUT 1 "d";
    .port_info 3 /OUTPUT 1 "q";
v0x55c3ecf54fb0_0 .net "clk", 0 0, v0x55c3ecf57540_0;  alias, 1 drivers
v0x55c3ecf55070_0 .net "d", 0 0, L_0x55c3ecf57bf0;  1 drivers
v0x55c3ecf55130_0 .var "q", 0 0;
v0x55c3ecf551d0_0 .net "reset", 0 0, v0x55c3ecf576d0_0;  alias, 1 drivers
S_0x55c3ecf553b0 .scope generate, "genblk1[5]" "genblk1[5]" 3 24, 3 24 0, S_0x55c3ecf2e5c0;
 .timescale 0 0;
P_0x55c3ecf53b20 .param/l "i" 0 3 24, +C4<0101>;
S_0x55c3ecf555f0 .scope generate, "genblk1" "genblk1" 3 25, 3 25 0, S_0x55c3ecf553b0;
 .timescale 0 0;
S_0x55c3ecf557d0 .scope module, "dff2" "D_FF" 3 29, 3 1 0, S_0x55c3ecf555f0;
 .timescale 0 0;
    .port_info 0 /INPUT 1 "clk";
    .port_info 1 /INPUT 1 "reset";
    .port_info 2 /INPUT 1 "d";
    .port_info 3 /OUTPUT 1 "q";
v0x55c3ecf559d0_0 .net "clk", 0 0, v0x55c3ecf57540_0;  alias, 1 drivers
v0x55c3ecf55a90_0 .net "d", 0 0, L_0x55c3ecf57cc0;  1 drivers
v0x55c3ecf55b50_0 .var "q", 0 0;
v0x55c3ecf55c20_0 .net "reset", 0 0, v0x55c3ecf576d0_0;  alias, 1 drivers
S_0x55c3ecf55d70 .scope generate, "genblk1[6]" "genblk1[6]" 3 24, 3 24 0, S_0x55c3ecf2e5c0;
 .timescale 0 0;
P_0x55c3ecf55f70 .param/l "i" 0 3 24, +C4<0110>;
S_0x55c3ecf56050 .scope generate, "genblk1" "genblk1" 3 25, 3 25 0, S_0x55c3ecf55d70;
 .timescale 0 0;
S_0x55c3ecf56230 .scope module, "dff2" "D_FF" 3 29, 3 1 0, S_0x55c3ecf56050;
 .timescale 0 0;
    .port_info 0 /INPUT 1 "clk";
    .port_info 1 /INPUT 1 "reset";
    .port_info 2 /INPUT 1 "d";
    .port_info 3 /OUTPUT 1 "q";
v0x55c3ecf56430_0 .net "clk", 0 0, v0x55c3ecf57540_0;  alias, 1 drivers
v0x55c3ecf564f0_0 .net "d", 0 0, L_0x55c3ecf57dd0;  1 drivers
v0x55c3ecf565b0_0 .var "q", 0 0;
v0x55c3ecf56680_0 .net "reset", 0 0, v0x55c3ecf576d0_0;  alias, 1 drivers
S_0x55c3ecf567d0 .scope generate, "genblk1[7]" "genblk1[7]" 3 24, 3 24 0, S_0x55c3ecf2e5c0;
 .timescale 0 0;
P_0x55c3ecf569d0 .param/l "i" 0 3 24, +C4<0111>;
S_0x55c3ecf56ab0 .scope generate, "genblk1" "genblk1" 3 25, 3 25 0, S_0x55c3ecf567d0;
 .timescale 0 0;
S_0x55c3ecf56c90 .scope module, "dff2" "D_FF" 3 29, 3 1 0, S_0x55c3ecf56ab0;
 .timescale 0 0;
    .port_info 0 /INPUT 1 "clk";
    .port_info 1 /INPUT 1 "reset";
    .port_info 2 /INPUT 1 "d";
    .port_info 3 /OUTPUT 1 "q";
v0x55c3ecf56f00_0 .net "clk", 0 0, v0x55c3ecf57540_0;  alias, 1 drivers
v0x55c3ecf56fc0_0 .net "d", 0 0, L_0x55c3ecf57f80;  1 drivers
v0x55c3ecf57080_0 .var "q", 0 0;
v0x55c3ecf57150_0 .net "reset", 0 0, v0x55c3ecf576d0_0;  alias, 1 drivers
    .scope S_0x55c3ecf2bab0;
T_0 ;
    %wait E_0x55c3ecef3640;
    %load/vec4 v0x55c3ecf24c80_0;
    %flag_set/vec4 8;
    %jmp/0xz  T_0.0, 8;
    %pushi/vec4 0, 0, 1;
    %assign/vec4 v0x55c3ecf25a40_0, 0;
    %jmp T_0.1;
T_0.0 ;
    %load/vec4 v0x55c3ecf26800_0;
    %assign/vec4 v0x55c3ecf25a40_0, 0;
T_0.1 ;
    %jmp T_0;
    .thread T_0;
    .scope S_0x55c3ecf52f70;
T_1 ;
    %wait E_0x55c3ecef3640;
    %load/vec4 v0x55c3ecf53230_0;
    %flag_set/vec4 8;
    %jmp/0xz  T_1.0, 8;
    %pushi/vec4 0, 0, 1;
    %assign/vec4 v0x55c3ecf53190_0, 0;
    %jmp T_1.1;
T_1.0 ;
    %load/vec4 v0x55c3ecf22300_0;
    %assign/vec4 v0x55c3ecf53190_0, 0;
T_1.1 ;
    %jmp T_1;
    .thread T_1;
    .scope S_0x55c3ecf53830;
T_2 ;
    %wait E_0x55c3ecef3640;
    %load/vec4 v0x55c3ecf53cd0_0;
    %flag_set/vec4 8;
    %jmp/0xz  T_2.0, 8;
    %pushi/vec4 0, 0, 1;
    %assign/vec4 v0x55c3ecf53c30_0, 0;
    %jmp T_2.1;
T_2.0 ;
    %load/vec4 v0x55c3ecf53b70_0;
    %assign/vec4 v0x55c3ecf53c30_0, 0;
T_2.1 ;
    %jmp T_2;
    .thread T_2;
    .scope S_0x55c3ecf54300;
T_3 ;
    %wait E_0x55c3ecef3640;
    %load/vec4 v0x55c3ecf54750_0;
    %flag_set/vec4 8;
    %jmp/0xz  T_3.0, 8;
    %pushi/vec4 0, 0, 1;
    %assign/vec4 v0x55c3ecf54680_0, 0;
    %jmp T_3.1;
T_3.0 ;
    %load/vec4 v0x55c3ecf545c0_0;
    %assign/vec4 v0x55c3ecf54680_0, 0;
T_3.1 ;
    %jmp T_3;
    .thread T_3;
    .scope S_0x55c3ecf54db0;
T_4 ;
    %wait E_0x55c3ecef3640;
    %load/vec4 v0x55c3ecf551d0_0;
    %flag_set/vec4 8;
    %jmp/0xz  T_4.0, 8;
    %pushi/vec4 0, 0, 1;
    %assign/vec4 v0x55c3ecf55130_0, 0;
    %jmp T_4.1;
T_4.0 ;
    %load/vec4 v0x55c3ecf55070_0;
    %assign/vec4 v0x55c3ecf55130_0, 0;
T_4.1 ;
    %jmp T_4;
    .thread T_4;
    .scope S_0x55c3ecf557d0;
T_5 ;
    %wait E_0x55c3ecef3640;
    %load/vec4 v0x55c3ecf55c20_0;
    %flag_set/vec4 8;
    %jmp/0xz  T_5.0, 8;
    %pushi/vec4 0, 0, 1;
    %assign/vec4 v0x55c3ecf55b50_0, 0;
    %jmp T_5.1;
T_5.0 ;
    %load/vec4 v0x55c3ecf55a90_0;
    %assign/vec4 v0x55c3ecf55b50_0, 0;
T_5.1 ;
    %jmp T_5;
    .thread T_5;
    .scope S_0x55c3ecf56230;
T_6 ;
    %wait E_0x55c3ecef3640;
    %load/vec4 v0x55c3ecf56680_0;
    %flag_set/vec4 8;
    %jmp/0xz  T_6.0, 8;
    %pushi/vec4 0, 0, 1;
    %assign/vec4 v0x55c3ecf565b0_0, 0;
    %jmp T_6.1;
T_6.0 ;
    %load/vec4 v0x55c3ecf564f0_0;
    %assign/vec4 v0x55c3ecf565b0_0, 0;
T_6.1 ;
    %jmp T_6;
    .thread T_6;
    .scope S_0x55c3ecf56c90;
T_7 ;
    %wait E_0x55c3ecef3640;
    %load/vec4 v0x55c3ecf57150_0;
    %flag_set/vec4 8;
    %jmp/0xz  T_7.0, 8;
    %pushi/vec4 0, 0, 1;
    %assign/vec4 v0x55c3ecf57080_0, 0;
    %jmp T_7.1;
T_7.0 ;
    %load/vec4 v0x55c3ecf56fc0_0;
    %assign/vec4 v0x55c3ecf57080_0, 0;
T_7.1 ;
    %jmp T_7;
    .thread T_7;
    .scope S_0x55c3ecef4f30;
T_8 ;
    %pushi/vec4 0, 0, 1;
    %store/vec4 v0x55c3ecf57540_0, 0, 1;
    %end;
    .thread T_8;
    .scope S_0x55c3ecef4f30;
T_9 ;
    %delay 5, 0;
    %load/vec4 v0x55c3ecf57540_0;
    %inv;
    %store/vec4 v0x55c3ecf57540_0, 0, 1;
    %jmp T_9;
    .thread T_9;
    .scope S_0x55c3ecef4f30;
T_10 ;
    %pushi/vec4 1, 0, 1;
    %store/vec4 v0x55c3ecf576d0_0, 0, 1;
    %delay 15, 0;
    %pushi/vec4 0, 0, 1;
    %store/vec4 v0x55c3ecf576d0_0, 0, 1;
    %delay 180, 0;
    %pushi/vec4 1, 0, 1;
    %store/vec4 v0x55c3ecf576d0_0, 0, 1;
    %delay 10, 0;
    %pushi/vec4 0, 0, 1;
    %store/vec4 v0x55c3ecf576d0_0, 0, 1;
    %delay 10, 0;
    %vpi_call 2 26 "$finish" {0 0 0};
    %end;
    .thread T_10;
    .scope S_0x55c3ecef4f30;
T_11 ;
    %vpi_call 2 31 "$dumpfile", "8_bit_johnson_counter.vcd" {0 0 0};
    %vpi_call 2 32 "$dumpvars", 32'sb00000000000000000000000000000000, S_0x55c3ecef4f30 {0 0 0};
    %end;
    .thread T_11;
    .scope S_0x55c3ecef4f30;
T_12 ;
    %vpi_call 2 36 "$display", "\011 \011 \011 \011 \011 q7 q6 q5 q4 q3 q2 q1 q0  " {0 0 0};
    %vpi_call 2 37 "$monitor", $time, " reset = %b,Output q = %b  %b  %b  %b  %b  %b  %b  %b", v0x55c3ecf576d0_0, &PV<v0x55c3ecf575e0_0, 7, 1>, &PV<v0x55c3ecf575e0_0, 6, 1>, &PV<v0x55c3ecf575e0_0, 5, 1>, &PV<v0x55c3ecf575e0_0, 4, 1>, &PV<v0x55c3ecf575e0_0, 3, 1>, &PV<v0x55c3ecf575e0_0, 2, 1>, &PV<v0x55c3ecf575e0_0, 1, 1>, &PV<v0x55c3ecf575e0_0, 0, 1> {0 0 0};
    %end;
    .thread T_12;
# The file index is used to find the file name in the following table.
:file_names 4;
    "N/A";
    "<interactive>";
    "8_bit_johnson_counter_top.v";
    "./8_bit_johnson_counter.v";
